生成启动时间为 2016/6/14 11:37:36。
     1>项目“F:\mycode\c\myDecaf\myDecaf\myDecaf.vcxproj”在节点 2 上(Build 个目标)。
     1>ClCompile:
         F:\VS2012\VC\bin\CL.exe /c /ZI /nologo /W3 /WX- /Od /Oy- /D _MBCS /Gm /EHsc /RTC1 /MDd /GS /fp:precise /Zc:wchar_t /Zc:forScope /Fo"Debug\\" /Fd"Debug\vc110.pdb" /Gd /TC /analyze- /errorReport:prompt decaf.tab.c lex.yy.c
         lex.yy.c
     1>f:\mycode\c\mydecaf\mydecaf\asttree.h : warning C4819: 该文件包含不能在当前代码页(936)中表示的字符。请将该文件保存为 Unicode 格式以防止数据丢失
     1>decaf.lex(19): warning C4101: “intValue”: 未引用的局部变量
     1>decaf.lex(20): warning C4101: “stringValue”: 未引用的局部变量
     1>decaf.lex(21): warning C4101: “node”: 未引用的局部变量
     1>lex.yy.c(1492): warning C4996: 'fileno': The POSIX name for this item is deprecated. Instead, use the ISO C++ conformant name: _fileno. See online help for details.
                 f:\vs2012\vc\include\stdio.h(711) : 参见“fileno”的声明
         decaf.tab.c
     1>f:\mycode\c\mydecaf\mydecaf\asttree.h : warning C4819: 该文件包含不能在当前代码页(936)中表示的字符。请将该文件保存为 Unicode 格式以防止数据丢失
     1>decaf.y(220): warning C4013: “printTAC”未定义；假设外部返回 int
         正在生成代码...
       Link:
         F:\VS2012\VC\bin\link.exe /ERRORREPORT:PROMPT /OUT:"F:\mycode\c\myDecaf\Debug\myDecaf.exe" /INCREMENTAL /NOLOGO kernel32.lib user32.lib gdi32.lib winspool.lib comdlg32.lib advapi32.lib shell32.lib ole32.lib oleaut32.lib uuid.lib odbc32.lib odbccp32.lib /MANIFEST /MANIFESTUAC:"level='asInvoker' uiAccess='false'" /manifest:embed /DEBUG /PDB:"F:\mycode\c\myDecaf\Debug\myDecaf.pdb" /TLBID:1 /DYNAMICBASE /NXCOMPAT /IMPLIB:"F:\mycode\c\myDecaf\Debug\myDecaf.lib" /MACHINE:X86 Debug\ASTtree.obj
         Debug\ClassTable.obj
         Debug\common.obj
         Debug\decaf.tab.obj
         Debug\lex.yy.obj
         Debug\SymbolTable.obj
         Debug\SymbolTree.obj
         Debug\test.obj
         Debug\ThreeAddCode.obj
         myDecaf.vcxproj -> F:\mycode\c\myDecaf\Debug\myDecaf.exe
     1>已完成生成项目“F:\mycode\c\myDecaf\myDecaf\myDecaf.vcxproj”(Build 个目标)的操作。

生成成功。

已用时间 00:00:01.02
