F:\MYCODE\C\MYDECAF\MYDECAF\DEBUG\ASTTREE.OBJ
F:\MYCODE\C\MYDECAF\MYDECAF\DEBUG\CLASSTABLE.OBJ
F:\MYCODE\C\MYDECAF\MYDECAF\DEBUG\COMMON.OBJ
F:\MYCODE\C\MYDECAF\MYDECAF\DEBUG\DECAF.TAB.OBJ
F:\MYCODE\C\MYDECAF\MYDECAF\DEBUG\LEX.YY.OBJ
F:\MYCODE\C\MYDECAF\MYDECAF\DEBUG\SYMBOLTABLE.OBJ
F:\MYCODE\C\MYDECAF\MYDECAF\DEBUG\SYMBOLTREE.OBJ
F:\MYCODE\C\MYDECAF\MYDECAF\DEBUG\TEST.OBJ
F:\MYCODE\C\MYDECAF\MYDECAF\DEBUG\THREEADDCODE.OBJ
F:\MYCODE\C\MYDECAF\MYDECAF\DEBUG\VC110.PDB
F:\MYCODE\C\MYDECAF\DEBUG\MYDECAF.ILK
F:\MYCODE\C\MYDECAF\DEBUG\MYDECAF.EXE
F:\MYCODE\C\MYDECAF\DEBUG\MYDECAF.PDB
F:\mycode\c\myDecaf\myDecaf\Debug\ASTtree.obj
F:\mycode\c\myDecaf\myDecaf\Debug\ClassTable.obj
F:\mycode\c\myDecaf\myDecaf\Debug\common.obj
F:\mycode\c\myDecaf\myDecaf\Debug\decaf.tab.obj
F:\mycode\c\myDecaf\myDecaf\Debug\lex.yy.obj
F:\mycode\c\myDecaf\myDecaf\Debug\SymbolTable.obj
F:\mycode\c\myDecaf\myDecaf\Debug\SymbolTree.obj
F:\mycode\c\myDecaf\myDecaf\Debug\test.obj
F:\mycode\c\myDecaf\myDecaf\Debug\ThreeAddCode.obj
F:\mycode\c\myDecaf\myDecaf\Debug\cl.command.1.tlog
F:\mycode\c\myDecaf\myDecaf\Debug\CL.read.1.tlog
F:\mycode\c\myDecaf\myDecaf\Debug\CL.write.1.tlog
F:\mycode\c\myDecaf\myDecaf\Debug\link-cvtres.read.1.tlog
F:\mycode\c\myDecaf\myDecaf\Debug\link-cvtres.write.1.tlog
F:\mycode\c\myDecaf\myDecaf\Debug\link-rc.read.1.tlog
F:\mycode\c\myDecaf\myDecaf\Debug\link-rc.write.1.tlog
F:\mycode\c\myDecaf\myDecaf\Debug\link.command.1.tlog
F:\mycode\c\myDecaf\myDecaf\Debug\link.read.1.tlog
F:\mycode\c\myDecaf\myDecaf\Debug\link.write.1.tlog
F:\mycode\c\myDecaf\myDecaf\Debug\vc110.idb
F:\mycode\c\myDecaf\myDecaf\Debug\vc110.pdb
F:\mycode\c\myDecaf\Debug\myDecaf.pdb
F:\mycode\c\myDecaf\Debug\myDecaf.exe
F:\mycode\c\myDecaf\Debug\myDecaf.ilk
